<?xml version="1.0" encoding="UTF-8"?>
<testng-results ignored="0" total="3" passed="2" failed="1" skipped="0">
  <reporter-output>
  </reporter-output>
  <suite started-at="2024-07-03T10:43:39 CEST" name="Sauce labs" finished-at="2024-07-03T10:43:48 CEST" duration-ms="9405">
    <groups>
    </groups>
    <test started-at="2024-07-03T10:43:39 CEST" name="Sauce labs test suite" finished-at="2024-07-03T10:43:48 CEST" duration-ms="9405">
      <class name="com.sauce.qa.testcases.InvalidLoginTest">
        <test-method is-config="true" signature="setUp()[pri:0, instance:com.sauce.qa.testcases.InvalidLoginTest@78e4deb0]" started-at="2024-07-03T10:43:46 CEST" name="setUp" finished-at="2024-07-03T10:43:47 CEST" duration-ms="1678" status="PASS">
          <reporter-output>
          </reporter-output>
        </test-method> <!-- setUp -->
        <test-method signature="InvalidloginTest()[pri:0, instance:com.sauce.qa.testcases.InvalidLoginTest@78e4deb0]" started-at="2024-07-03T10:43:47 CEST" name="InvalidloginTest" finished-at="2024-07-03T10:43:48 CEST" duration-ms="769" status="FAIL">
          <exception class="java.lang.AssertionError">
            <message>
              <![CDATA[Not Successfully ordered! expected [true] but found [false]]]>
            </message>
            <full-stacktrace>
              <![CDATA[java.lang.AssertionError: Not Successfully ordered! expected [true] but found [false]
at org.testng.Assert.fail(Assert.java:99)
at org.testng.Assert.failNotEquals(Assert.java:1037)
at org.testng.Assert.assertTrue(Assert.java:45)
at com.sauce.qa.pages.InvalidLoginPage.Invalidlogin(InvalidLoginPage.java:36)
at com.sauce.qa.testcases.InvalidLoginTest.InvalidloginTest(InvalidLoginTest.java:31)
at java.base/jdk.internal.reflect.DirectMethodHandleAccessor.invoke(DirectMethodHandleAccessor.java:103)
at java.base/java.lang.reflect.Method.invoke(Method.java:580)
at org.testng.internal.MethodInvocationHelper.invokeMethod(MethodInvocationHelper.java:133)
at org.testng.internal.TestInvoker.invokeMethod(TestInvoker.java:598)
at org.testng.internal.TestInvoker.invokeTestMethod(TestInvoker.java:173)
at org.testng.internal.MethodRunner.runInSequence(MethodRunner.java:46)
at org.testng.internal.TestInvoker$MethodInvocationAgent.invoke(TestInvoker.java:824)
at org.testng.internal.TestInvoker.invokeTestMethods(TestInvoker.java:146)
at org.testng.internal.TestMethodWorker.invokeTestMethods(TestMethodWorker.java:146)
at org.testng.internal.TestMethodWorker.run(TestMethodWorker.java:128)
at java.base/java.util.ArrayList.forEach(ArrayList.java:1597)
at org.testng.TestRunner.privateRun(TestRunner.java:794)
at org.testng.TestRunner.run(TestRunner.java:596)
at org.testng.SuiteRunner.runTest(SuiteRunner.java:377)
at org.testng.SuiteRunner.runSequentially(SuiteRunner.java:371)
at org.testng.SuiteRunner.privateRun(SuiteRunner.java:332)
at org.testng.SuiteRunner.run(SuiteRunner.java:276)
at org.testng.SuiteRunnerWorker.runSuite(SuiteRunnerWorker.java:53)
at org.testng.SuiteRunnerWorker.run(SuiteRunnerWorker.java:96)
at org.testng.TestNG.runSuitesSequentially(TestNG.java:1212)
at org.testng.TestNG.runSuitesLocally(TestNG.java:1134)
at org.testng.TestNG.runSuites(TestNG.java:1063)
at org.testng.TestNG.run(TestNG.java:1031)
at org.testng.remote.AbstractRemoteTestNG.run(AbstractRemoteTestNG.java:115)
at org.testng.remote.RemoteTestNG.initAndRun(RemoteTestNG.java:293)
at org.testng.remote.RemoteTestNG.main(RemoteTestNG.java:91)
]]>
            </full-stacktrace>
          </exception> <!-- java.lang.AssertionError -->
          <reporter-output>
          </reporter-output>
        </test-method> <!-- InvalidloginTest -->
        <test-method is-config="true" signature="tearDown()[pri:0, instance:com.sauce.qa.testcases.InvalidLoginTest@78e4deb0]" started-at="2024-07-03T10:43:48 CEST" name="tearDown" finished-at="2024-07-03T10:43:48 CEST" duration-ms="0" status="PASS">
          <reporter-output>
          </reporter-output>
        </test-method> <!-- tearDown -->
      </class> <!-- com.sauce.qa.testcases.InvalidLoginTest -->
      <class name="com.sauce.qa.testcases.LoginPageTest">
        <test-method is-config="true" signature="setUp()[pri:0, instance:com.sauce.qa.testcases.LoginPageTest@6fdbe764]" started-at="2024-07-03T10:43:39 CEST" name="setUp" finished-at="2024-07-03T10:43:42 CEST" duration-ms="3825" status="PASS">
          <reporter-output>
          </reporter-output>
        </test-method> <!-- setUp -->
        <test-method signature="loginTest()[pri:0, instance:com.sauce.qa.testcases.LoginPageTest@6fdbe764]" started-at="2024-07-03T10:43:42 CEST" name="loginTest" finished-at="2024-07-03T10:43:43 CEST" duration-ms="255" status="PASS">
          <reporter-output>
          </reporter-output>
        </test-method> <!-- loginTest -->
        <test-method is-config="true" signature="tearDown()[pri:0, instance:com.sauce.qa.testcases.LoginPageTest@6fdbe764]" started-at="2024-07-03T10:43:43 CEST" name="tearDown" finished-at="2024-07-03T10:43:43 CEST" duration-ms="2" status="PASS">
          <reporter-output>
          </reporter-output>
        </test-method> <!-- tearDown -->
      </class> <!-- com.sauce.qa.testcases.LoginPageTest -->
      <class name="com.sauce.qa.testcases.AddToCartTest">
        <test-method is-config="true" signature="setUp()[pri:0, instance:com.sauce.qa.testcases.AddToCartTest@5b1669c0]" started-at="2024-07-03T10:43:43 CEST" name="setUp" finished-at="2024-07-03T10:43:45 CEST" duration-ms="1953" status="PASS">
          <reporter-output>
          </reporter-output>
        </test-method> <!-- setUp -->
        <test-method signature="AddToCartTest()[pri:0, instance:com.sauce.qa.testcases.AddToCartTest@5b1669c0]" started-at="2024-07-03T10:43:45 CEST" name="AddToCartTest" finished-at="2024-07-03T10:43:46 CEST" duration-ms="878" status="PASS">
          <reporter-output>
          </reporter-output>
        </test-method> <!-- AddToCartTest -->
        <test-method is-config="true" signature="tearDown()[pri:0, instance:com.sauce.qa.testcases.AddToCartTest@5b1669c0]" started-at="2024-07-03T10:43:46 CEST" name="tearDown" finished-at="2024-07-03T10:43:46 CEST" duration-ms="0" status="PASS">
          <reporter-output>
          </reporter-output>
        </test-method> <!-- tearDown -->
      </class> <!-- com.sauce.qa.testcases.AddToCartTest -->
    </test> <!-- Sauce labs test suite -->
  </suite> <!-- Sauce labs -->
</testng-results>
